<?xml version="1.0" encoding="UTF-8"?>
<!-- Generated by org.testng.reporters.JUnitXMLReporter -->
<testsuite ignored="0" hostname="DESKTOP-QR836L2" failures="1" tests="2" name="runClass" time="12.205" errors="0" timestamp="2020-02-27T15:04:09 IST">
  <testcase classname="pawaskar.prachi.DataDrivenTutorial.TestWithDataProvider_Csv" name="verifyLogin" time="3.485"/>
  <testcase classname="pawaskar.prachi.DataDrivenTutorial.TestWithDataProvider_Csv" name="verifyLogin" time="2.95">
    <failure type="java.lang.AssertionError" message="did not expect to find [true] but found [false]">
      <![CDATA[java.lang.AssertionError: did not expect to find [true] but found [false]
at pawaskar.prachi.DataDrivenTutorial.TestWithDataProvider_Csv.verifyLogin(TestWithDataProvider_Csv.java:55)
at java.base/java.util.ArrayList.forEach(ArrayList.java:1540)
... Removed 30 stack frames]]>
    </failure>
  </testcase> <!-- verifyLogin -->
</testsuite> <!-- runClass -->
