<?xml version="1.0" encoding="UTF-8"?>
<testng-results ignored="0" total="2" passed="1" failed="1" skipped="0">
  <reporter-output>
  </reporter-output>
  <suite started-at="2020-02-27T15:03:57 IST" name="Test Suite" finished-at="2020-02-27T15:04:09 IST" duration-ms="12205">
    <groups>
    </groups>
    <test started-at="2020-02-27T15:03:57 IST" name="runClass" finished-at="2020-02-27T15:04:09 IST" duration-ms="12205">
      <class name="pawaskar.prachi.DataDrivenTutorial.TestWithDataProvider_Csv">
        <test-method is-config="true" signature="beforeTest()[pri:0, instance:pawaskar.prachi.DataDrivenTutorial.TestWithDataProvider_Csv@17695df3]" started-at="2020-02-27T15:03:57 IST" name="beforeTest" finished-at="2020-02-27T15:04:01 IST" duration-ms="3290" status="PASS">
          <reporter-output>
          </reporter-output>
        </test-method> <!-- beforeTest -->
        <test-method signature="verifyLogin(java.lang.String, java.lang.String)[pri:0, instance:pawaskar.prachi.DataDrivenTutorial.TestWithDataProvider_Csv@17695df3]" started-at="2020-02-27T15:04:01 IST" name="verifyLogin" data-provider="Credentials" finished-at="2020-02-27T15:04:04 IST" duration-ms="3485" status="PASS">
          <params>
            <param index="0">
              <value>
                <![CDATA[username]]>
              </value>
            </param>
            <param index="1">
              <value>
                <![CDATA[password]]>
              </value>
            </param>
          </params>
          <reporter-output>
          </reporter-output>
        </test-method> <!-- verifyLogin -->
        <test-method is-config="true" signature="afterTest()[pri:0, instance:pawaskar.prachi.DataDrivenTutorial.TestWithDataProvider_Csv@17695df3]" started-at="2020-02-27T15:04:04 IST" name="afterTest" finished-at="2020-02-27T15:04:04 IST" duration-ms="64" status="PASS">
          <reporter-output>
          </reporter-output>
        </test-method> <!-- afterTest -->
        <test-method is-config="true" signature="beforeTest()[pri:0, instance:pawaskar.prachi.DataDrivenTutorial.TestWithDataProvider_Csv@17695df3]" started-at="2020-02-27T15:04:04 IST" name="beforeTest" finished-at="2020-02-27T15:04:06 IST" duration-ms="2277" status="PASS">
          <reporter-output>
          </reporter-output>
        </test-method> <!-- beforeTest -->
        <test-method signature="verifyLogin(java.lang.String, java.lang.String)[pri:0, instance:pawaskar.prachi.DataDrivenTutorial.TestWithDataProvider_Csv@17695df3]" started-at="2020-02-27T15:04:06 IST" name="verifyLogin" data-provider="Credentials" finished-at="2020-02-27T15:04:09 IST" duration-ms="2950" status="FAIL">
          <params>
            <param index="0">
              <value>
                <![CDATA[abc]]>
              </value>
            </param>
            <param index="1">
              <value>
                <![CDATA[abc]]>
              </value>
            </param>
          </params>
          <exception class="java.lang.AssertionError">
            <message>
              <![CDATA[did not expect to find [true] but found [false]]]>
            </message>
            <full-stacktrace>
              <![CDATA[java.lang.AssertionError: did not expect to find [true] but found [false]
at org.testng.Assert.fail(Assert.java:97)
at org.testng.Assert.failNotEquals(Assert.java:969)
at org.testng.Assert.assertTrue(Assert.java:43)
at org.testng.Assert.assertTrue(Assert.java:53)
at pawaskar.prachi.DataDrivenTutorial.TestWithDataProvider_Csv.verifyLogin(TestWithDataProvider_Csv.java:55)
at java.base/jdk.internal.reflect.NativeMethodAccessorImpl.invoke0(Native Method)
at java.base/jdk.internal.reflect.NativeMethodAccessorImpl.invoke(NativeMethodAccessorImpl.java:62)
at java.base/jdk.internal.reflect.DelegatingMethodAccessorImpl.invoke(DelegatingMethodAccessorImpl.java:43)
at java.base/java.lang.reflect.Method.invoke(Method.java:566)
at org.testng.internal.MethodInvocationHelper.invokeMethod(MethodInvocationHelper.java:133)
at org.testng.internal.TestInvoker.invokeMethod(TestInvoker.java:584)
at org.testng.internal.TestInvoker.invokeTestMethod(TestInvoker.java:172)
at org.testng.internal.MethodRunner.runInSequence(MethodRunner.java:46)
at org.testng.internal.TestInvoker$MethodInvocationAgent.invoke(TestInvoker.java:804)
at org.testng.internal.TestInvoker.invokeTestMethods(TestInvoker.java:145)
at org.testng.internal.TestMethodWorker.invokeTestMethods(TestMethodWorker.java:146)
at org.testng.internal.TestMethodWorker.run(TestMethodWorker.java:128)
at java.base/java.util.ArrayList.forEach(ArrayList.java:1540)
at org.testng.TestRunner.privateRun(TestRunner.java:770)
at org.testng.TestRunner.run(TestRunner.java:591)
at org.testng.SuiteRunner.runTest(SuiteRunner.java:402)
at org.testng.SuiteRunner.runSequentially(SuiteRunner.java:396)
at org.testng.SuiteRunner.privateRun(SuiteRunner.java:355)
at org.testng.SuiteRunner.run(SuiteRunner.java:304)
at org.testng.SuiteRunnerWorker.runSuite(SuiteRunnerWorker.java:53)
at org.testng.SuiteRunnerWorker.run(SuiteRunnerWorker.java:96)
at org.testng.TestNG.runSuitesSequentially(TestNG.java:1180)
at org.testng.TestNG.runSuitesLocally(TestNG.java:1102)
at org.testng.TestNG.runSuites(TestNG.java:1032)
at org.testng.TestNG.run(TestNG.java:1000)
at org.testng.IDEARemoteTestNG.run(IDEARemoteTestNG.java:73)
at org.testng.RemoteTestNGStarter.main(RemoteTestNGStarter.java:123)
]]>
            </full-stacktrace>
          </exception> <!-- java.lang.AssertionError -->
          <reporter-output>
          </reporter-output>
        </test-method> <!-- verifyLogin -->
        <test-method is-config="true" signature="afterTest()[pri:0, instance:pawaskar.prachi.DataDrivenTutorial.TestWithDataProvider_Csv@17695df3]" started-at="2020-02-27T15:04:09 IST" name="afterTest" finished-at="2020-02-27T15:04:09 IST" duration-ms="80" status="PASS">
          <reporter-output>
          </reporter-output>
        </test-method> <!-- afterTest -->
      </class> <!-- pawaskar.prachi.DataDrivenTutorial.TestWithDataProvider_Csv -->
    </test> <!-- runClass -->
  </suite> <!-- Test Suite -->
</testng-results>
